Number of used processors (NPROC): 8.
Number of mesh partitions (NPART): 8.
Total Physical Memory = 15.88 Gb, Available Physical Memory = 7.80 Gb
Mesh generation started:	15.5.2020	9:43:25
-----------------------------------------------------------------------
Allocating meshes:
	CPU count: 8
	MESH 0:
		Sub-meshes count: 8
-----------------------------------------------------------------------
Base mesh dimensions were changed from (18, 29, 34) to (18, 29, 35)
Current CPU = 0 sec
-----------------------------------------------------------------------
Geometries initialization:

Geometry database loading ...OK
-----------------------------------------------------------------------
Loading mesh settings (global/local)...
-----------------------------------------------------------------------
Number of geometries: 3
Geometry(0):
	Fluid..
	1 Body.
	1 Real body.
	Tolerance=3e-006.
	16 Face(s).
		16 of b-spline type.
	2192 Triangle(s).
	6 Face(s) that have no ref faces
	9 Plane surface(s).
	7 Cylinder surface(s).
	30 Edge(s).
		30 of b-spline type.
	Geometry reading: 0.015 s.
	16 Reference Face(s).
	2192 Reference Triangles.
	GeometryRef reading: 0.001 s.
Geometry(1):
	Fluid..
	1 Body.
	1 Real body.
	Tolerance=3e-006.
	11 Face(s).
		11 of b-spline type.
	1300 Triangle(s).
	0 Face(s) that have no ref faces
	9 Plane surface(s).
	2 Cylinder surface(s).
	16 Edge(s).
		16 of b-spline type.
	Geometry reading: 0.008 s.
	6 Reference Face(s).
	1452 Reference Triangles.
	GeometryRef reading: 0.001 s.
Geometry(2):
	Solid..
	1 Body.
	1 Real body.
	Tolerance=3e-006.
	17 Face(s).
		17 of b-spline type.
	916 Triangle(s).
	0 Face(s) that have no ref faces
	12 Plane surface(s).
	5 Cylinder surface(s).
	38 Edge(s).
		38 of b-spline type.
	Geometry reading: 0.003 s.
	12 Reference Face(s).
	1068 Reference Triangles.
	GeometryRef reading: 0.001 s.
	Making hash and connectivity for geometry 0...
		CBodyGeom:
		Hash size: {18, 29, 35}.
		Mesh size: {18, 29, 35}.
		Hashing triangles...Ok.
		Making triangles connectivity...Ok. (0.050 s).
		Neighbour triangles: 100.00 % (good connect) - 0.00 % (bad connect). Min: 3. Max: 3.
		Done.
		CBodyGeomRef:
		Hashing triangles...Ok.
		Making triangles connectivity...Ok. (0.015 s).
		Neighbour triangles: Min: 1. Max: 3.
		Done.
	0.059 s.
	Making hash and connectivity for geometry 1...
		CBodyGeom:
		Hash size: {18, 29, 35}.
		Mesh size: {18, 29, 35}.
		Hashing triangles...Ok.
		Making triangles connectivity...Ok. (0.032 s).
		Neighbour triangles: 100.00 % (good connect) - 0.00 % (bad connect). Min: 3. Max: 3.
		Done.
		CBodyGeomRef:
		Hashing triangles...Ok.
		Making triangles connectivity...Ok. (0.012 s).
		Neighbour triangles: Min: 2. Max: 2.
		Done.
	0.040 s.
	Making hash and connectivity for geometry 2...
		CBodyGeom:
		Hash size: {18, 29, 35}.
		Mesh size: {18, 29, 35}.
		Hashing triangles...Ok.
		Making triangles connectivity...Ok. (0.020 s).
		Neighbour triangles: 100.00 % (good connect) - 0.00 % (bad connect). Min: 3. Max: 3.
		Done.
		CBodyGeomRef:
		Hashing triangles...Ok.
		Making triangles connectivity...Ok. (0.006 s).
		Neighbour triangles: Min: 1. Max: 3.
		Done.
	0.023 s.
Geometries reading and preparing has taken 0.099 s.

Mapped triangles:
Hashing geometries triangles
	Triangles num=2192
	Triangles box={-0.107302  ,0.10052  ,-0.0185337  ,0.0164663  ,0.026  ,0.078  }
		3d-hash size is 108288 bytes
		Making triangles connectivity...Ok. (0.012 s).
		Neighbour triangles: 100.00 % (good connect) - 0.00 % (bad connect). Min: 3. Max: 3.
	Triangles num=1300
	Triangles box={-0.17032  ,0.15032  ,-0.134606  ,0.150284  ,-0.0374668  ,0.168999  }
		3d-hash size is 100196 bytes
		Making triangles connectivity...Ok. (0.015 s).
		Neighbour triangles: 100.00 % (good connect) - 0.00 % (bad connect). Min: 3. Max: 3.
	Triangles num=916
	Triangles box={-0.17032  ,0.15032  ,-0.134606  ,0.150284  ,-0.0374668  ,0.168999  }
		3d-hash size is 85236 bytes
		Making triangles connectivity...Ok. (0.024 s).
		Neighbour triangles: 100.00 % (good connect) - 0.00 % (bad connect). Min: 3. Max: 3.
Hashing peculiar surfaces triangles
Mapped triangles processed in 0.066 s.
-----------------------------------------------------------------------

Current CPU = 1 sec
Flow Simulation 2017  x64 / 3731 / MESHER ver. efd_16_1.3696_10.11.2016 

Project: D:\école\GE4\PRG_GE2_HC\CAO_meca\hovercraft\1\1.xmlconfig
Computer name:	DESKTOP-JEAN
Operating system:	Windows 10 (or higher) (Version 10.0.18362)

SOLIDWORKS 2017 SP2.0

-----------------------------------------------------------------------
Mesh dimensions:
				I[0 ]=18
				I[1 ]=29
				I[2 ]=35
Solver refinement level	I[47]=0

Comp. domain size:
				a[0  ]=-0.17
				a[1  ]=0.15
				a[2  ]=-0.134321
				a[3  ]=0.15
				a[4  ]=-0.0372608
				a[5  ]=0.168793
Wall thickness		a[231]=0
Gap size			a[232]=1

Fluid calculated			1
Solid calculated			0
-----------------------------------------------------------------------
MESH: distribute base bricks among sub-meshes...
	Base bricks count               18270
	Sub-meshes  count               8
	Base bricks count per sub-mesh  2283 (+6)
	Sub-mesh 0: 2283 base brick(s), range [0, 17]-[0, 28]-[0, 4]
	Sub-mesh 1: 2283 base brick(s), range [0, 17]-[0, 28]-[4, 8]
	Sub-mesh 2: 2283 base brick(s), range [0, 17]-[0, 28]-[8, 13]
	Sub-mesh 3: 2283 base brick(s), range [0, 17]-[0, 28]-[13, 17]
	Sub-mesh 4: 2283 base brick(s), range [0, 17]-[0, 28]-[17, 21]
	Sub-mesh 5: 2283 base brick(s), range [0, 17]-[0, 28]-[21, 26]
	Sub-mesh 6: 2283 base brick(s), range [0, 17]-[0, 28]-[26, 30]
	Sub-mesh 7: 2289 base brick(s), range [0, 17]-[0, 28]-[30, 34]
-----------------------------------------------------------------------
-----------------------------------------------------------------------
MESH: collecting ghosts in sub-meshes...
	Sub-mesh 0:
		Total  brick(s) 2805
		Native brick(s) 2283
		Inner  brick(s) 1761
		Outer  brick(s) 522
		Ghost  brick(s) 522
	Sub-mesh 1:
		Total  brick(s) 3327
		Native brick(s) 2283
		Inner  brick(s) 1239
		Outer  brick(s) 1044
		Ghost  brick(s) 1044
	Sub-mesh 2:
		Total  brick(s) 3327
		Native brick(s) 2283
		Inner  brick(s) 1239
		Outer  brick(s) 1044
		Ghost  brick(s) 1044
	Sub-mesh 3:
		Total  brick(s) 3327
		Native brick(s) 2283
		Inner  brick(s) 1239
		Outer  brick(s) 1044
		Ghost  brick(s) 1044
	Sub-mesh 4:
		Total  brick(s) 3327
		Native brick(s) 2283
		Inner  brick(s) 1239
		Outer  brick(s) 1044
		Ghost  brick(s) 1044
	Sub-mesh 5:
		Total  brick(s) 3327
		Native brick(s) 2283
		Inner  brick(s) 1239
		Outer  brick(s) 1044
		Ghost  brick(s) 1044
	Sub-mesh 6:
		Total  brick(s) 3327
		Native brick(s) 2283
		Inner  brick(s) 1239
		Outer  brick(s) 1044
		Ghost  brick(s) 1044
	Sub-mesh 7:
		Total  brick(s) 2811
		Native brick(s) 2289
		Inner  brick(s) 1767
		Outer  brick(s) 522
		Ghost  brick(s) 522
	Total brick(s) 18270
-----------------------------------------------------------------------
Setting regions...OK (0.003 s)
Base mesh info------------------
	2D flag  =0
	Period   =[0, 0, 0]
	Nx=18
		x[0]=-0.17
		x[1]=-0.147147
		x[2]=-0.125579
		x[3]=-0.105218
		x[4]=-0.0882466
		x[5]=-0.0712745
		x[6]=-0.0543024
		x[7]=-0.0373303
		x[8]=-0.0203582
		x[9]=-0.00338604
		x[10]=0.0135861
		x[11]=0.0305582
		x[12]=0.0475303
		x[13]=0.0645024
		x[14]=0.0814745
		x[15]=0.0984466
		x[16]=0.114921
		x[17]=0.132097
		x[18]=0.15
	Ny=29
		y[0]=-0.134321
		y[1]=-0.12148
		y[2]=-0.10924
		y[3]=-0.0975686
		y[4]=-0.0864404
		y[5]=-0.0758297
		y[6]=-0.0657126
		y[7]=-0.056066
		y[8]=-0.0468682
		y[9]=-0.0380981
		y[10]=-0.029736
		y[11]=-0.0217628
		y[12]=-0.0141604
		y[13]=-0.0069117
		y[14]=-0.00103207
		y[15]=0.00484793
		y[16]=0.0122555
		y[17]=0.0200329
		y[18]=0.0281992
		y[19]=0.0367736
		y[20]=0.0457766
		y[21]=0.0552296
		y[22]=0.065155
		y[23]=0.0755767
		y[24]=0.0865192
		y[25]=0.0980087
		y[26]=0.110072
		y[27]=0.122739
		y[28]=0.136039
		y[29]=0.15
	Nz=35
		z[0]=-0.0372608
		z[1]=-0.0288923
		z[2]=-0.0208865
		z[3]=-0.0132258
		z[4]=-0.00589544
		z[5]=0.00111895
		z[6]=0.00783094
		z[7]=0.0142536
		z[8]=0.0203993
		z[9]=0.0262801
		z[10]=0.0319074
		z[11]=0.0372921
		z[12]=0.0424447
		z[13]=0.0473751
		z[14]=0.052093
		z[15]=0.0566075
		z[16]=0.0609273
		z[17]=0.065061
		z[18]=0.0680007
		z[19]=0.0709407
		z[20]=0.075196
		z[21]=0.079649
		z[22]=0.084309
		z[23]=0.0891857
		z[24]=0.0942893
		z[25]=0.0996302
		z[26]=0.105219
		z[27]=0.111069
		z[28]=0.11719
		z[29]=0.123596
		z[30]=0.130299
		z[31]=0.137315
		z[32]=0.144657
		z[33]=0.15234
		z[34]=0.160381
		z[35]=0.168793
End of base mesh info---------
Input_mesh_settings--------------------------------
Settings 0----------------
	Scope: GLOBAL
	Type:	------MESHER_SETTINGS----------
	RefAllCells           =0
	RefFluidCells         =0
	RefPartCells          =0
	RefSolidCells         =0
	l_SSFR(Capture crit)  =3
	l_curv(Curvature crit)=0
	l_tol(Tolerance crit) =4
	  k_tol               =0.0015
	UseChannelRef         =1
	  NCR_method          =0
	  l_NCR               =2
	  N_gap               =5
	  Use d_NCR_min       =0
	  Use d_NCR_max       =0
	IgnoreThinChannelsHeight         =0
	--END_OF_MESHER_SETTINGS-------
End of input mesh settings-------------------------

-----------------------------------------------------------------------
Building geometries:
Building geometry Fluid.0.(0)...

-----------------------------------------------------------------------
Refining by triangulation...
Refinement input: 18270 bricks
Setting regions...OK (0.003 s)
Setting regions...OK (0.003 s)
Refinement result: 18508 bricks (0.068 s)
Refinement input: 18508 bricks
Refinement result: 18508 bricks (0.004 s)
Collecting and processing rays...OK (0.022 s)
Capturing...OK (0.006 s)
Refining by triangulation takes 0.101 s
-----------------------------------------------------------------------

-----------------------------------------------------------------------
Refining peculiar surfaces...
0 surfaces refined
Refining peculiar surfaces takes 0 s
-----------------------------------------------------------------------
Collecting and processing rays...OK (0.001 s)
Capturing...OK (0.001 s)
Collecting and processing rays...OK (0.001 s)
Capturing...OK (0.001 s)
Collecting and processing rays...OK (0.001 s)
Capturing...OK (0.000 s)

-----------------------------------------------------------------------
Base mesh 1 Refining...
Refinement input: 18508 bricks
Refinement result: 18508 bricks (0.002 s)
Collecting and processing rays...OK (0.001 s)
Capturing...OK (0.000 s)
-----------------------------------------------------------------------
Refining channels...
FYI: CNarrowChannelRefiner::RefineChannels_PRLL: m_submesh_count=8
Refinement input: 18508 bricks
Setting regions...OK (0.003 s)
Refinement result: 18620 bricks (0.008 s)
Collecting and processing rays...OK (0.002 s)
Capturing...OK (0.001 s)
FYI: m_iteration_count = 0
FYI: level1 statistics:
     level1_cnt_plus[1]=128;		level1_cnt_minus[1]=0
     level1_cnt_plus[2]=0;		level1_cnt_minus[2]=0
     level1_cnt_plus[3]=0;		level1_cnt_minus[3]=0
     level1_cnt_plus[4]=0;		level1_cnt_minus[4]=0
     level1_cnt_plus[5]=0;		level1_cnt_minus[5]=0
     level1_cnt_plus[6]=0;		level1_cnt_minus[6]=0
     level1_cnt_plus[7]=0;		level1_cnt_minus[7]=0
     level1_cnt_plus[8]=0;		level1_cnt_minus[8]=0
     level1_cnt_plus[9]=0;		level1_cnt_minus[9]=0
FYI: m_iteration_count = 1
FYI: level1 statistics:
     level1_cnt_plus[1]=128;		level1_cnt_minus[1]=0
     level1_cnt_plus[2]=0;		level1_cnt_minus[2]=0
     level1_cnt_plus[3]=0;		level1_cnt_minus[3]=0
     level1_cnt_plus[4]=0;		level1_cnt_minus[4]=0
     level1_cnt_plus[5]=0;		level1_cnt_minus[5]=0
     level1_cnt_plus[6]=0;		level1_cnt_minus[6]=0
     level1_cnt_plus[7]=0;		level1_cnt_minus[7]=0
     level1_cnt_plus[8]=0;		level1_cnt_minus[8]=0
     level1_cnt_plus[9]=0;		level1_cnt_minus[9]=0
Refinement input: 18620 bricks
Setting regions...OK (0.004 s)
	Re-balancing...
	Send and create bricks on destination sub meshes...
	Collecting ghosts...
	Balancing finished.
Refinement result: 19299 bricks (0.022 s)
Collecting and processing rays...OK (0.006 s)
Capturing...OK (0.002 s)
FYI: m_iteration_count = 2
FYI: level1 statistics:
     level1_cnt_plus[1]=616;		level1_cnt_minus[1]=0
     level1_cnt_plus[2]=256;		level1_cnt_minus[2]=0
     level1_cnt_plus[3]=0;		level1_cnt_minus[3]=0
     level1_cnt_plus[4]=0;		level1_cnt_minus[4]=0
     level1_cnt_plus[5]=0;		level1_cnt_minus[5]=0
     level1_cnt_plus[6]=0;		level1_cnt_minus[6]=0
     level1_cnt_plus[7]=0;		level1_cnt_minus[7]=0
     level1_cnt_plus[8]=0;		level1_cnt_minus[8]=0
     level1_cnt_plus[9]=0;		level1_cnt_minus[9]=0
FYI: m_iteration_count = 3
FYI: level1 statistics:
     level1_cnt_plus[1]=616;		level1_cnt_minus[1]=0
     level1_cnt_plus[2]=256;		level1_cnt_minus[2]=0
     level1_cnt_plus[3]=0;		level1_cnt_minus[3]=0
     level1_cnt_plus[4]=0;		level1_cnt_minus[4]=0
     level1_cnt_plus[5]=0;		level1_cnt_minus[5]=0
     level1_cnt_plus[6]=0;		level1_cnt_minus[6]=0
     level1_cnt_plus[7]=0;		level1_cnt_minus[7]=0
     level1_cnt_plus[8]=0;		level1_cnt_minus[8]=0
     level1_cnt_plus[9]=0;		level1_cnt_minus[9]=0
FYI: level1 statistics:
     level1_cnt_plus[1]=616;		level1_cnt_minus[1]=0
     level1_cnt_plus[2]=256;		level1_cnt_minus[2]=0
     level1_cnt_plus[3]=0;		level1_cnt_minus[3]=0
     level1_cnt_plus[4]=0;		level1_cnt_minus[4]=0
     level1_cnt_plus[5]=0;		level1_cnt_minus[5]=0
     level1_cnt_plus[6]=0;		level1_cnt_minus[6]=0
     level1_cnt_plus[7]=0;		level1_cnt_minus[7]=0
     level1_cnt_plus[8]=0;		level1_cnt_minus[8]=0
     level1_cnt_plus[9]=0;		level1_cnt_minus[9]=0
	CNarrowChannelRefiner::ChannelsResolution            function_total                0      = 0.165027 sec

-----------------------------------------------------------------------
U-shapes refinement...
Refinement input: 19299 bricks
Refinement result: 19299 bricks (0.009 s)
Collecting and processing rays...OK (0.001 s)
Capturing...OK (0.000 s)
-----------------------------------------------------------------------

-----------------------------------------------------------------------
Equi Distant Refiner:
Equi Distant Refiner takes 0.00 s
-----------------------------------------------------------------------
Building geometry takes 0.294 s
Geometry Fluid.0.
Total		19299
Partial	567
Fluid		18628
Solid		104
Bad		0

/-Ray Intersection---------------/ Time	0.014 s
Calls			2808
CorrectRay Calls	0


Building geometry Fluid.1.(1)...

-----------------------------------------------------------------------
Refining by triangulation...
Refinement input: 19299 bricks
Refinement result: 19299 bricks (0.029 s)
Refinement input: 19299 bricks
Refinement result: 19299 bricks (0.004 s)
Collecting and processing rays...OK (0.025 s)
Capturing...OK (0.007 s)
Refining by triangulation takes 0.066 s
-----------------------------------------------------------------------
Collecting and processing rays...OK (0.001 s)
Capturing...OK (0.000 s)
Collecting and processing rays...OK (0.001 s)
Capturing...OK (0.000 s)

-----------------------------------------------------------------------
Base mesh 1 Refining...
Refinement input: 19299 bricks
Refinement result: 19299 bricks (0.004 s)
Collecting and processing rays...OK (0.001 s)
Capturing...OK (0.001 s)
-----------------------------------------------------------------------
Refining channels...
FYI: CNarrowChannelRefiner::RefineChannels_PRLL: m_submesh_count=8
Refinement input: 19299 bricks
Setting regions...OK (0.003 s)
	Re-balancing...
	Send and create bricks on destination sub meshes...
	Collecting ghosts...
	Balancing finished.
Refinement result: 20090 bricks (0.022 s)
Collecting and processing rays...OK (0.012 s)
Capturing...OK (0.003 s)
FYI: m_iteration_count = 0
FYI: level1 statistics:
     level1_cnt_plus[1]=1448;		level1_cnt_minus[1]=0
     level1_cnt_plus[2]=320;		level1_cnt_minus[2]=0
     level1_cnt_plus[3]=0;		level1_cnt_minus[3]=0
     level1_cnt_plus[4]=0;		level1_cnt_minus[4]=0
     level1_cnt_plus[5]=0;		level1_cnt_minus[5]=0
     level1_cnt_plus[6]=0;		level1_cnt_minus[6]=0
     level1_cnt_plus[7]=0;		level1_cnt_minus[7]=0
     level1_cnt_plus[8]=0;		level1_cnt_minus[8]=0
     level1_cnt_plus[9]=0;		level1_cnt_minus[9]=0
Refinement input: 20090 bricks
Setting regions...OK (0.004 s)
Refinement result: 20118 bricks (0.012 s)
Collecting and processing rays...OK (0.002 s)
Capturing...OK (0.001 s)
FYI: m_iteration_count = 1
FYI: level1 statistics:
     level1_cnt_plus[1]=1480;		level1_cnt_minus[1]=0
     level1_cnt_plus[2]=320;		level1_cnt_minus[2]=0
     level1_cnt_plus[3]=0;		level1_cnt_minus[3]=0
     level1_cnt_plus[4]=0;		level1_cnt_minus[4]=0
     level1_cnt_plus[5]=0;		level1_cnt_minus[5]=0
     level1_cnt_plus[6]=0;		level1_cnt_minus[6]=0
     level1_cnt_plus[7]=0;		level1_cnt_minus[7]=0
     level1_cnt_plus[8]=0;		level1_cnt_minus[8]=0
     level1_cnt_plus[9]=0;		level1_cnt_minus[9]=0
FYI: m_iteration_count = 2
FYI: level1 statistics:
     level1_cnt_plus[1]=1480;		level1_cnt_minus[1]=0
     level1_cnt_plus[2]=320;		level1_cnt_minus[2]=0
     level1_cnt_plus[3]=0;		level1_cnt_minus[3]=0
     level1_cnt_plus[4]=0;		level1_cnt_minus[4]=0
     level1_cnt_plus[5]=0;		level1_cnt_minus[5]=0
     level1_cnt_plus[6]=0;		level1_cnt_minus[6]=0
     level1_cnt_plus[7]=0;		level1_cnt_minus[7]=0
     level1_cnt_plus[8]=0;		level1_cnt_minus[8]=0
     level1_cnt_plus[9]=0;		level1_cnt_minus[9]=0
Refinement input: 20118 bricks
Setting regions...OK (0.008 s)
	Re-balancing...
	Send and create bricks on destination sub meshes...
	Collecting ghosts...
	Balancing finished.
Refinement result: 21630 bricks (0.045 s)
Collecting and processing rays...OK (0.009 s)
Capturing...OK (0.002 s)
FYI: m_iteration_count = 3
FYI: level1 statistics:
     level1_cnt_plus[1]=1804;		level1_cnt_minus[1]=0
     level1_cnt_plus[2]=1568;		level1_cnt_minus[2]=0
     level1_cnt_plus[3]=0;		level1_cnt_minus[3]=0
     level1_cnt_plus[4]=0;		level1_cnt_minus[4]=0
     level1_cnt_plus[5]=0;		level1_cnt_minus[5]=0
     level1_cnt_plus[6]=0;		level1_cnt_minus[6]=0
     level1_cnt_plus[7]=0;		level1_cnt_minus[7]=0
     level1_cnt_plus[8]=0;		level1_cnt_minus[8]=0
     level1_cnt_plus[9]=0;		level1_cnt_minus[9]=0
FYI: m_iteration_count = 4
FYI: level1 statistics:
     level1_cnt_plus[1]=1804;		level1_cnt_minus[1]=0
     level1_cnt_plus[2]=1568;		level1_cnt_minus[2]=0
     level1_cnt_plus[3]=0;		level1_cnt_minus[3]=0
     level1_cnt_plus[4]=0;		level1_cnt_minus[4]=0
     level1_cnt_plus[5]=0;		level1_cnt_minus[5]=0
     level1_cnt_plus[6]=0;		level1_cnt_minus[6]=0
     level1_cnt_plus[7]=0;		level1_cnt_minus[7]=0
     level1_cnt_plus[8]=0;		level1_cnt_minus[8]=0
     level1_cnt_plus[9]=0;		level1_cnt_minus[9]=0
FYI: level1 statistics:
     level1_cnt_plus[1]=1804;		level1_cnt_minus[1]=0
     level1_cnt_plus[2]=1568;		level1_cnt_minus[2]=0
     level1_cnt_plus[3]=0;		level1_cnt_minus[3]=0
     level1_cnt_plus[4]=0;		level1_cnt_minus[4]=0
     level1_cnt_plus[5]=0;		level1_cnt_minus[5]=0
     level1_cnt_plus[6]=0;		level1_cnt_minus[6]=0
     level1_cnt_plus[7]=0;		level1_cnt_minus[7]=0
     level1_cnt_plus[8]=0;		level1_cnt_minus[8]=0
     level1_cnt_plus[9]=0;		level1_cnt_minus[9]=0
	CNarrowChannelRefiner::ChannelsResolution            function_total                0      = 0.488292 sec

-----------------------------------------------------------------------
U-shapes refinement...
Refinement input: 21630 bricks
Refinement result: 21630 bricks (0.020 s)
Collecting and processing rays...OK (0.004 s)
Capturing...OK (0.001 s)
-----------------------------------------------------------------------

-----------------------------------------------------------------------
Equi Distant Refiner:
Equi Distant Refiner takes 0.00 s
-----------------------------------------------------------------------
Building geometry takes 0.435 s
Geometry Fluid.1.
Total		21630
Partial	1112
Fluid		512
Solid		20006
Bad		0

/-Ray Intersection---------------/ Time	0.028 s
Calls			3513
CorrectRay Calls	0


Building geometry Solid.2.(2)...

-----------------------------------------------------------------------
Refining by triangulation...
Refinement input: 21630 bricks
Refinement result: 21630 bricks (0.015 s)
Refinement input: 21630 bricks
Refinement result: 21630 bricks (0.006 s)
Collecting and processing rays...OK (0.042 s)
Capturing...OK (0.009 s)
Refining by triangulation takes 0.073 s
-----------------------------------------------------------------------
Collecting and processing rays...OK (0.002 s)
Capturing...OK (0.001 s)
Collecting and processing rays...OK (0.002 s)
Capturing...OK (0.001 s)

-----------------------------------------------------------------------
Base mesh 1 Refining...
Refinement input: 21630 bricks
Refinement result: 21630 bricks (0.004 s)
Collecting and processing rays...OK (0.001 s)
Capturing...OK (0.001 s)
-----------------------------------------------------------------------
Building geometry takes 0.103 s
Geometry Solid.2.
Total		21630
Partial	340
Fluid		32
Solid		21258
Bad		0

/-Ray Intersection---------------/ Time	0.015 s
Calls			3513
CorrectRay Calls	0


Building geometries takes 0.836 s
-----------------------------------------------------------------------

-----------------------------------------------------------------------
PostBuilding geometries:
PostBuilding geometry Fluid.0.(0)...
Collecting and processing rays...OK (0.010 s)
Capturing...OK (0.003 s)
PostBuilding geometry takes 0.023 s
Geometry Fluid.0.
Total		21630
Partial	1308
Fluid		19714
Solid		608
Bad		0

/-Ray Intersection---------------/ Time	0.012 s
Calls			705
CorrectRay Calls	0


PostBuilding geometry Fluid.1.(1)...
Collecting and processing rays...OK (0.001 s)
Capturing...OK (0.001 s)
PostBuilding geometry takes 0.012 s
Geometry Fluid.1.
Total		21630
Partial	1112
Fluid		512
Solid		20006
Bad		0
PostBuilding geometries takes 0.048 s
-----------------------------------------------------------------------
Defect ray count	0
FYI: CNarrowChannelRefiner::RedistributeLevel1_step_1: is finished
FYI: level1 statistics:
     level1_cnt_plus[1]=1387;		level1_cnt_minus[1]=0
     level1_cnt_plus[2]=1985;		level1_cnt_minus[2]=0
     level1_cnt_plus[3]=0;		level1_cnt_minus[3]=0
     level1_cnt_plus[4]=0;		level1_cnt_minus[4]=0
     level1_cnt_plus[5]=0;		level1_cnt_minus[5]=0
     level1_cnt_plus[6]=0;		level1_cnt_minus[6]=0
     level1_cnt_plus[7]=0;		level1_cnt_minus[7]=0
     level1_cnt_plus[8]=0;		level1_cnt_minus[8]=0
     level1_cnt_plus[9]=0;		level1_cnt_minus[9]=0
FYI: CNarrowChannelRefiner::RedistributeLevel1_step_2: is started
FYI: CNarrowChannelRefiner::RedistributeLevel1_step_2: is finished
FYI: level1 statistics:
     level1_cnt_plus[1]=1387;		level1_cnt_minus[1]=0
     level1_cnt_plus[2]=2009;		level1_cnt_minus[2]=0
     level1_cnt_plus[3]=0;		level1_cnt_minus[3]=0
     level1_cnt_plus[4]=0;		level1_cnt_minus[4]=0
     level1_cnt_plus[5]=0;		level1_cnt_minus[5]=0
     level1_cnt_plus[6]=0;		level1_cnt_minus[6]=0
     level1_cnt_plus[7]=0;		level1_cnt_minus[7]=0
     level1_cnt_plus[8]=0;		level1_cnt_minus[8]=0
     level1_cnt_plus[9]=0;		level1_cnt_minus[9]=0
FYI: CNarrowChannelRefiner::RedistributeLevel1_step_3: is started
FYI: CNarrowChannelRefiner::RedistributeLevel1_step_3: is finished
RedistributeLevel1 takes:
	CNarrowChannelRefiner::RedistributeLevel1            function_total                0      = 0.0552437 sec
FYI: level1 statistics:
     level1_cnt_plus[1]=1387;		level1_cnt_minus[1]=161
     level1_cnt_plus[2]=2009;		level1_cnt_minus[2]=3
     level1_cnt_plus[3]=0;		level1_cnt_minus[3]=0
     level1_cnt_plus[4]=0;		level1_cnt_minus[4]=0
     level1_cnt_plus[5]=0;		level1_cnt_minus[5]=0
     level1_cnt_plus[6]=0;		level1_cnt_minus[6]=0
     level1_cnt_plus[7]=0;		level1_cnt_minus[7]=0
     level1_cnt_plus[8]=0;		level1_cnt_minus[8]=0
     level1_cnt_plus[9]=0;		level1_cnt_minus[9]=0
-----------------------------------------------------------------------
BCF-Builder Iteration: 0
Memory Working Set Current = 36.42 Mb, Memory Working Set Peak = 39.16 Mb
Process Threads Number: 18
Loading geometries triangulation & x-stacks...OK
	Sub-mesh 0:
		Total  brick(s) 3225
		Native brick(s) 2703
		Inner  brick(s) 2181
		Outer  brick(s) 522
		Ghost  brick(s) 522
	Sub-mesh 1:
		Total  brick(s) 3861
		Native brick(s) 2703
		Inner  brick(s) 1538
		Outer  brick(s) 1165
		Ghost  brick(s) 1158
	Sub-mesh 2:
		Total  brick(s) 3964
		Native brick(s) 2703
		Inner  brick(s) 1449
		Outer  brick(s) 1254
		Ghost  brick(s) 1261
	Sub-mesh 3:
		Total  brick(s) 3939
		Native brick(s) 2703
		Inner  brick(s) 1443
		Outer  brick(s) 1260
		Ghost  brick(s) 1236
	Sub-mesh 4:
		Total  brick(s) 3891
		Native brick(s) 2703
		Inner  brick(s) 1539
		Outer  brick(s) 1164
		Ghost  brick(s) 1188
	Sub-mesh 5:
		Total  brick(s) 3771
		Native brick(s) 2703
		Inner  brick(s) 1635
		Outer  brick(s) 1068
		Ghost  brick(s) 1068
	Sub-mesh 6:
		Total  brick(s) 3747
		Native brick(s) 2703
		Inner  brick(s) 1659
		Outer  brick(s) 1044
		Ghost  brick(s) 1044
	Sub-mesh 7:
		Total  brick(s) 3231
		Native brick(s) 2709
		Inner  brick(s) 2187
		Outer  brick(s) 522
		Ghost  brick(s) 522
	Total brick(s) 21630

-----------------------------------------------------------------------
MSH (Real Geometry) format constructor:
Getting submesh brick sets...OK (0.003 s)
Level 4
	Inner time 0.002 s
	Outer Time 0.000 s
	Level Time 0.003 s
Level 3
	Inner time 0.000 s
	Outer Time 0.001 s
	Level Time 0.001 s
Level 2
	Inner time 0.165 s
	Outer Time 0.052 s
	Level Time 0.217 s
Level 1
	Inner time 0.119 s
	Outer Time 0.046 s
	Level Time 0.165 s
Level 0
	Inner time 0.034 s
	Outer Time 0.032 s
	Level Time 0.066 s

Brick parser time info:
	0.687 s - time_Run
		0.032 s - time_ConstructPoints
			0.022 s - time_ConstructPointsAddFind2
		0.016 s - time_ConstructPointsAndConnectsFromNb
		0.002 s - time_AddRibConnects
		0.084 s - time_ConstructBrickFacets
			0.012 s - time_CalculateQpoints
				0.003 s - time_AddFacetPoint_GetFacesQpoint
					0.000 s - time_GetFacesQpoint_UShaped
						0.000 s - time_GetFacesQpoint2
					0.000 s - time_GetFacesQpoint_AddEdgesToList
					0.003 s - time_Edge_GetClosestPointOn
					0.000 s - time_Edge_NewtonMethod
					0.000 s - time_GetFacesQpoint_ManyFinds
				0.004 s - time_AddFacetPoint_AddQPoint
					0.007 s - time_PointReverseEvaluate
				0.002 s - time_AddFacetPoint_AddFind2
		0.000 s - time_RemoveOddConnects
		0.008 s - time_TestConnectivity
		0.001 s - time_ValidateXeps
		0.018 s - time_ConstructFaceAs
		0.003 s - time_ConstructCvs
		0.003 s - time_ConstructFaceWs
		0.027 s - time_RealGeomAddQPoints
		0.004 s - time_RealGeomAddNewFaces
		0.001 s - time_RealGeomInitOppositeGeomFaceInd
		0.024 s - time_RealGeomApproxCurveFaces
		0.000 s - time_Enum1
		0.000 s - time_Enum2
		0.001 s - time_RealGeomCheckInvalidConnects
		0.308 s - time_RealGeomParameters
			0.223 s - time_CalculateParametersOfCv
			0.078 s - time_CalculateParametersOfFace
				0.008 s - time_CalculateRR
				0.069 s - time_CalculateRefFaceData
				0.000 s - time_CalculateLambdaProjection
			0.006 s - time_SetFacesOrientation
Result:
	Bricks number:                        21630

	Memory usage:                         0.867 MB
	Memory usage (per brick):             0.041 KB
	Construction time:                    0.522 s

	Topology features:
	------------------
	- High quality bricks                 100.00 % (21630)
	- Medium quality bricks                 0.00 % (0)
	- Bad quality bricks                    0.00 % (0)
	- Ribs corrected bricks                 0.00 % (0)
	- Points with geom-info (bricks)        0.00 % (0)
	- Points with closest-info (bricks)     0.00 % (0)
	- Triangulated by center (bricks)       0.00 % (0)
	- Facet w-faces mergings (bricks)       0.00 % (0)
	- To refine (bricks)                    0.00 % (0)

Memory Working Set Current = 44.73 Mb, Memory Working Set Peak = 59.43 Mb
Process Threads Number: 18
-----------------------------------------------------------------------
-----------------------------------------------------------------------
MSH --> BCF format (Iteration 0)...
BCF collector...
	(2) Bcf collect time 0.061 s (4452 avs, 514 fws)
	(7) Bcf collect time 0.062 s (3231 avs, 0 fws)
	(6) Bcf collect time 0.032 s (3747 avs, 0 fws)
	(1) Bcf collect time 0.062 s (4062 avs, 281 fws)
	(0) Bcf collect time 0.063 s (3225 avs, 0 fws)
	(3) Bcf collect time 0.063 s (4419 avs, 628 fws)
	(5) Bcf collect time 0.063 s (3831 avs, 116 fws)
	(4) Bcf collect time 0.066 s (4311 avs, 680 fws)
	(0) Remove defect avs time 0.028 s
	(7) Remove defect avs time 0.028 s
	(3) Remove defect avs time 0.028 s
	(4) Remove defect avs time 0.029 s
	(2) Remove defect avs time 0.028 s
	(1) Remove defect avs time 0.028 s
	(6) Remove defect avs time 0.028 s
	(5) Remove defect avs time 0.028 s
Defect subdomain detector...
		1 subdomain(s) of gi=0 (real bodies = 1).
			Subdomain 0: 21022 av
		Get real subdoms time 0.000 s
		Mark defect subdomains by closed av...
		Mark by closed av time 0.001 s
		Mark defect subdomains by real bodies...
		0 defect subdomain(s) of gi=0.
		1 subdomain(s) of gi=1 (real bodies = 1).
			Subdomain 0: 1624 av
		Get real subdoms time 0.000 s
		Mark defect subdomains by closed av...
		Mark by closed av time 0.000 s
		Mark defect subdomains by real bodies...
		0 defect subdomain(s) of gi=1.
		1 subdomain(s) of gi=2 (real bodies = 1).
			Subdomain 0: 372 av
		Get real subdoms time 0.000 s
		Mark defect subdomains by real bodies...
		0 defect subdomain(s) of gi=2.
	(5) Remove defect subdoms time 0.008 s
	(4) Remove defect subdoms time 0.009 s
	(1) Remove defect subdoms time 0.008 s
	(6) Remove defect subdoms time 0.008 s
	(0) Remove defect subdoms time 0.008 s
	(7) Remove defect subdoms time 0.008 s
	(3) Remove defect subdoms time 0.008 s
	(2) Remove defect subdoms time 0.008 s
NB-faces collector & conservator...
Sub-mesh 0.
	Conservated total=0 (bb-faces=0)
Sub-mesh 1.
	Conservated total=0 (bb-faces=0)
Sub-mesh 2.
	Conservated total=0 (bb-faces=0)
Sub-mesh 3.
	Conservated total=0 (bb-faces=0)
Sub-mesh 4.
	Conservated total=0 (bb-faces=0)
Sub-mesh 5.
	Conservated total=0 (bb-faces=0)
Sub-mesh 6.
	Conservated total=0 (bb-faces=0)
Sub-mesh 7.
	Conservated total=0 (bb-faces=0)
	(0) Bcf calc time 0.001 s
	(6) Bcf calc time 0.002 s
	(5) Bcf calc time 0.002 s
	(7) Bcf calc time 0.002 s
	(1) Bcf calc time 0.005 s
	(2) Bcf calc time 0.005 s
	(3) Bcf calc time 0.005 s
	(4) Bcf calc time 0.032 s
FACE_W optimizer ...
Sub-mesh 0.
	Before optimization total=1656 (fs=0, ff=0, ss=0)
	After  optimization total=1656 (fs=0, ff=0, ss=0)
Sub-mesh 1.
	Before optimization total=2207 (fs=0, ff=281, ss=0)
	After  optimization total=2207 (fs=0, ff=281, ss=0)
Sub-mesh 2.
	Before optimization total=2585 (fs=0, ff=514, ss=0)
	After  optimization total=2585 (fs=0, ff=514, ss=0)
Sub-mesh 3.
	Before optimization total=2626 (fs=48, ff=580, ss=0)
	After  optimization total=2626 (fs=48, ff=580, ss=0)
Sub-mesh 4.
	Before optimization total=2600 (fs=584, ff=96, ss=0)
	After  optimization total=2584 (fs=568, ff=96, ss=0)
Sub-mesh 5.
	Before optimization total=1954 (fs=68, ff=48, ss=0)
	After  optimization total=1954 (fs=68, ff=48, ss=0)
Sub-mesh 6.
	Before optimization total=1750 (fs=0, ff=0, ss=0)
	After  optimization total=1750 (fs=0, ff=0, ss=0)
Sub-mesh 7.
	Before optimization total=1656 (fs=0, ff=0, ss=0)
	After  optimization total=1656 (fs=0, ff=0, ss=0)
-----------------------------------------------------------------------
-----------------------------------------------------------------------
Merging BCF...
Merging bricks trees...OK (0.03 s)
Merging av data...OK (0.01 s)
Merging a-faces data (fluid)...
	New a-face count   65855
	Bound a-face count 4279 (6.50 %)
Merging a-faces data takes 0.01 s
Merging a-faces data (solid)...
	New a-face count   988
	Bound a-face count 0 (0.00 %)
Merging a-faces data takes 0.00 s
Merging w-faces data...
	New w-face count   6182
	Bound w-face count 0 (0.00 %)
	Need fw-nb         3120 (50.47 %)
Merging w-faces data takes 0.02 s
Merging BCF takes (0.09 s)
-----------------------------------------------------------------------

-----------------------------------------------------------------------
Geometrical diagonal nb-faces collector (cpu_num=8)...
	Time=0.014s.
-----------------------------------------------------------------------
Fluid Subdom Constructor: 2 subdom(s).
	Remove nb-fw from diff subdomains (fs)...
		Diff subdomains cases         0

-----------------------------------------------------------------------
BCF CHECKSUM DATA (Mesh 0):

FACE_A Area Sum:   G.Fluid        5.9901942838869928
FACE_A Area Sum:   G.Solid        0.0054805901162102
FACE_W Area Sum:                  0.4410100988615880
FACE_W Nb   Sum:                  44436
FACE_W min curvatures sum:        -48074.68164063
FACE_W max curvatures sum:        23698.78784180
AV Max Disbalance: G.Fluid        3.25096e-014 (cid=9393, avid=10094, pid=1402)
AV Max Disbalance: G.Solid        4.20827e-015 (cid=13325, avid=22974, pid=296)
-----------------------------------------------------------------------


-----------------------------------------------------------------------
MESHER TOPOLOGY DATA (Mesh 0):

BRICKS: Total                 21630
BRICKS: 1-CV                  20258
BRICKS: 2-CV                  1356
BRICKS: 3-CV                  16
BRICKS: Bad                   0

AV:     G.Total               23018
AV:     G.Fluid               22646
AV:     G.Solid               372

AV:     G.Fluid Thin Profile    0.00 % (0)
AV:     G.Solid Thin Profile    0.00 % (0)

AV:     G.Fluid Thin For Mega   0.00 % (0)
AV:     G.Solid Thin For Mega   0.00 % (0)

AV:     G.Fluid Non-Convex      1.25 % (284)
AV:     G.Solid Non-Convex     18.28 % (68)

FACE_A: G.Fluid          (af) 65855 (partially opened 4953)
FACE_A: G.Solid          (as) 988 (partially opened 719)

FACE_W: G.Total                 6182        Brick/Bound
FACE_W: G.Fluid/Solid    (fs_g) 568         0           
FACE_W: G.Fluid/Fluid    (ff_g) 1280        0           
FACE_W: G.Solid/Solid    (ss_g) 0           0           
FACE_W: G.Fluid/External (fe_g) 4334
FACE_W: G.Solid/External (se_g) 0

AV max fa count:                15
AV max fw count:                4
AV max fw poly count:           5

MEMORY: Total                   7.424 MB
MEMORY: Per Brick               0.351 KB
-----------------------------------------------------------------------

-----------------------------------------------------------------------
Mega-cv constructor for fluid...
	 0 av's is treated as thin
Relative size generator (threshold = 0.05)...OK
	 236 mega-cv's generated
	 0 mega-cv's removed
Convert clusters:
	 236 mega-cv's total
Mega-cv count: 236
-----------------------------------------------------------------------
Mixing plane rotation regions: FOUND.
Sliding mesh rotation regions: NO.
Fluid/fluid faces: FOUND.

-----------------------------------------------------------------------
Rings Cutter:

Fluid Subdom Constructor: 2 subdom(s).
Subdom 0: I_87=0, cv_count=21022.
Subdom 1: I_87=1, cv_count=1624.
Rotating subdomains: 1
Number of ff faces in defect connections: 0
Curves of rotation: 2
Rings: 47

1280 ff-faces cutting into...4724 ff-faces.
Closest rings additions to ff-faces: 0 occurrences.
Set new ff-faces to mesh...
AV Max Disbalance: G.Fluid        3.24793e-014 (cid=9393, avid=10094, pid=1402)
AV Max Disbalance: G.Solid        4.20827e-015 (cid=13325, avid=22974, pid=296)
-----------------------------------------------------------------------

----------------------------------------------------------
BCF --> BCF.GEOMSUBDOM (bridge arrays) (cpu_num=8):
MESH (0):
	Fluid Subdom Constructor: 2 subdom(s).
	Solid Subdom Constructor: 1 subdom(s).
	Net Asm Subdom Constructor: 0 subdom(s).
	GEOMSUBDOM (0): gi=0 fluid av=21022 cv=20922 fa=61313 fw=7168 V=1.871133e-002
	GEOMSUBDOM (1): gi=1 fluid av=1624 cv=1488 fa=4542 fw=2458 V=3.075185e-005
	GEOMSUBDOM (2): gi=2 solid av=372 cv=372 fa=988 fw=568 V=5.267833e-006
	Setting nb of w-faces...OK.

MESH (0) checking:
	GEOMSUBDOM (0):fa_s=5.9606612018634948 fw_s=0.4409366386094785 fw_nb=47160
	GEOMSUBDOM (1):fa_s=0.0295330820234946 fw_s=0.0056646373005981 fw_nb=9300
	GEOMSUBDOM (2):fa_s=0.0054805901162102 fw_s=0.0044078972665277 fw_nb=4812
MESH (0) checking: OK.
----------------------------------------------------------
-----------------------------------------------------------------------
Calculating curvature and tolerance criteria...
Curvature: min=0 max=1.58886
Tolerance: min=0 max=0.00138354
Calculating curvature and tolerance criteria takes 0.065 s
-----------------------------------------------------------------------
Current CPU = 3 sec

Nx=18
Ny=29
Nz=35
Max_RL=2
12. Saving initial mesh in: D:\école\GE4\PRG_GE2_HC\CAO_meca\hovercraft\1\1.fld .
Storing results...
Estimated CPT size=3.051 MB.
OK
Memory Working Set Current = 56.78 Mb, Memory Working Set Peak = 60.21 Mb
Process Threads Number: 18
Cleaning memory...
Free Geometry DB takes 0.003 s
Copying... OK

------------------------------------------------------------------------------------------------------------
CPU report:
Function                                             CPU           descriptor                    nproc     
------------------------------------------------------------------------------------------------------------
GetGeometryFromSW                                    0.182 sec   function_total               
GetGeometryFromSW                                    0.042 sec   InitGeometryTriangles        
CMesh::PrepareMappedTriangles                        0.065 sec   function_total               
SwapGeometries                                       0.129 sec   function_total               
SwapGeometries                                       0.000 sec   function_total               
SwapGeometries                                       0.000 sec   function_total               
SwapGeometries                                       0.000 sec   function_total               
SwapGeometries                                       0.000 sec   function_total               
SwapGeometries                                       0.000 sec   function_total               
SwapGeometries                                       0.000 sec   function_total               
SwapGeometries                                       0.000 sec   function_total               
CMesh::PreBuild                                      0.016 sec   function_total               
SetBrickRegion                                       0.031 sec   function_total               
CMesh::Build                                         0.893 sec   function_total               
CMesh::BuildGeometry                                 0.831 sec   function_total               
ActivateAllCellsParameters                           0.052 sec   function_total               
RefineByTriangles                                    0.241 sec   function_total               
CaptureRefined                                       0.197 sec   function_total               
GetMultiRaysIntersections                            0.033 sec   full                         
CRayCollector::CorrectRays2                          0.076 sec   full                         
CRayCollector::CorrectRays2                          0.025 sec   stage_1_collect_undefined_vertices1
RefinePeculiarSurfaces                               0.002 sec   function_total               
CNarrowChannelRefiner::ChannelsResolution            0.488 sec   function_total               
CNarrowChannelRefiner::RefineChannels_PRLL           0.483 sec   function_total               
CNarrowChannelRefiner::GetMainNormals                0.034 sec   function_total               
CNarrowChannelRefiner::GetMainNormals                0.061 sec   function_total               
CNarrowChannelRefiner::GetMainNormals                0.110 sec   function_total               
CNarrowChannelRefiner::GetMainNormals                0.045 sec   function_total               
CNarrowChannelRefiner::GetMainNormals                0.003 sec   function_total               
CNarrowChannelRefiner::facade_bricks_of_brick_dirv   0.000 sec   function_total               
CNarrowChannelRefiner::facade_bricks_of_brick_dirv   0.026 sec   function_total               
CNarrowChannelRefiner::facade_bricks_of_brick_dirv   0.043 sec   function_total               
CNarrowChannelRefiner::facade_bricks_of_brick_dirv   0.099 sec   function_total               
CNarrowChannelRefiner::facade_bricks_of_brick_dirv   0.051 sec   function_total               
CNarrowChannelRefiner::facade_bricks_of_brick_dirv   0.007 sec   function_total               
CNarrowChannelRefiner::facade_bricks_of_brick_dirv   0.001 sec   function_total               
CNarrowChannelRefiner::facade_bricks_of_brick_dirv   0.001 sec   function_total               
CNarrowChannelRefiner::next_brick_on_ray             0.000 sec   function_total               
CNarrowChannelRefiner::next_brick_on_ray             0.026 sec   function_total               
CNarrowChannelRefiner::next_brick_on_ray             0.041 sec   function_total               
CNarrowChannelRefiner::next_brick_on_ray             0.096 sec   function_total               
CNarrowChannelRefiner::next_brick_on_ray             0.049 sec   function_total               
CNarrowChannelRefiner::next_brick_on_ray             0.006 sec   function_total               
CNarrowChannelRefiner::next_brick_on_ray             0.000 sec   function_total               
CNarrowChannelRefiner::next_brick_on_ray             0.000 sec   function_total               
CNarrowChannelRefiner::RefineChannels_PRLL           0.152 sec   NCR_execute_refinement       
CMesh::BuildGeometry                                 0.001 sec   equidistant_refiner          
PostCaptureGeometry                                  0.035 sec   function_total               
CNarrowChannelRefiner::RedistributeLevel1            0.059 sec   function_total               
CTPBuilder::build_bcf                                0.996 sec   function_total               
CTPBuilder::bcf_builder                              0.840 sec   function_total               
LoadTrianglesAndXSL                                  0.013 sec   function_total               
CTPBuilder::collect_msh_format                       0.536 sec   function_total               
CTPBuilder::Run                                      0.142 sec   bcf_collect                  
CTPBuilder::Run                                      0.130 sec   bcf_merge                    
CTPBuilder::build_bcf                                0.038 sec   collect_mega_cv              
CTPBuilder::build_bcf                                0.080 sec   collect_rings                
CTPBuilder::build_bcf                                0.035 sec   convert_to_mds_function      
CMesh::CalculateCurvatureAndToleranceCriteria        0.065 sec   function_total               
Store_Res_2                                          0.193 sec   function_total               
Freemem_CPT                                          0.041 sec   function_total               
------------------------------------------------------------------------------------------------------------

Mesh generation normally finished at	15.5.2020	9:43:28
Mesher CPU = 3 sec
Mesher is finished at	15.5.2020	9:43:28
